Lahontan             PHID= 39.46    ALTI= 1264.0    DA= 7.0       SALT= 300.00        NET      EVAPORATION    
      YEAR     MONTH  STARTDAY    LENGTH        TD         T       GIJ      HADD      RAD.   POTENT.      LAKE GW(W/M*M)
      2000       JAN         1        31      -3.3       3.7       8.5      0.00      16.7      41.1      27.3     88.04
      2000       FEB         1        29      -1.4       6.2      10.5      0.00       1.9      31.4      20.9    109.37
      2000       MAR         1        31      -5.9       8.1      17.3      0.00      16.9      63.7      34.5    180.81
      2000       APR         1        30      -2.5      13.8      23.1      0.00      57.8     129.4      67.1    243.57
      2000       MAY         1        31      -0.2      17.3      26.6      0.00     129.6     242.2     125.2    280.89
      2000       JUN         1        30       1.4      23.8      28.8      0.00     167.3     333.7     174.6    305.67
      2000       JUL         1        31       3.2      25.9      28.5      0.00     205.3     384.5     213.3    301.73
      2000       AUG         1        31      14.3      24.7      22.8      0.00     244.3     303.4     230.4    240.49
      2000       SEP         1        30       1.4      18.9      20.0      0.00     180.9     276.9     164.5    210.04
      2000       OCT         1        31      -1.6      12.7      13.8      0.00     140.4     200.6     117.2    143.25
      2000       NOV         1        30      -5.2       3.0       8.9      0.00      94.4      96.1      65.2     92.28
      2000       DEC         1        31      -6.9       2.2       8.5      0.00      33.7      56.8      34.8     87.43
      2001       JAN         1        31      -6.8       0.0       8.3      0.00      18.2      35.8      25.4     85.93
      2001       FEB         1        28      -7.1       2.2      12.4      0.00       9.3      34.1      22.0    128.72
      2001       MAR         1        31      -4.7       9.7      17.1      0.00      25.8      77.9      41.5    178.74
      2001       APR         1        30      -3.4      10.8      21.3      0.00      74.3     132.4      70.5    224.59
      2001       MAY         1        31       0.1      20.8      27.2      0.00     110.5     244.3     123.8    287.73
      2001       JUN         1        30       0.4      22.9      26.9      0.00     164.6     325.3     169.3    285.76
      2001       JUL         1        31       4.6      26.3      26.4      0.00     203.0     380.2     212.8    279.42
      2001       AUG         1        31       4.6      26.8      26.0      0.00     192.6     381.1     207.3    274.34
      2001       SEP         1        30       3.2      22.2      20.8      0.00     180.2     309.4     176.6    217.77
      2001       OCT         1        31      -1.1      15.8      14.6      0.00     153.8     242.2     136.3    151.65
      2001       NOV         1        30      -1.4       7.4       9.3      0.00      97.6     117.5      75.6     96.13
      2001       DEC         1        31      -2.5       2.0       5.9      0.00      52.4      55.7      42.1     61.33
      2002       JAN         1        31      -4.8       1.3       8.2      0.00       3.5      24.7      19.7     85.21
      2002       FEB         1        28      -6.2       4.8      12.4      0.00      -2.8      32.1      19.1    128.92
      2002       MAR         1        31      -7.8       6.5      17.2      0.00      30.8      73.0      39.7    180.20
      2002       APR         1        30      -3.0      13.3      22.2      0.00      71.5     143.4      74.7    233.99
      2002       MAY         1        31      -1.2      16.1      27.3      0.00     124.7     227.7     118.1    289.11
      2002       JUN         1        30       1.6      23.7      29.8      0.00     166.1     330.5     173.3    316.19
      2002       JUL         1        31       5.6      28.8      27.4      0.00     216.7     420.3     235.0    290.25
      2002       AUG         1        31       3.3      25.2      25.6      0.00     216.1     380.3     218.1    269.45
      2002       SEP         1        30       1.6      20.8      20.3      0.00     184.1     302.4     174.2    212.75
      2002       OCT         1        31      -2.8      12.2      15.3      0.00     151.5     207.1     123.0    159.64
      2002       NOV         1        30      -6.1       6.5      10.3      0.00      95.3     132.9      73.7    106.23
      2002       DEC         1        31      -5.5       3.3       7.2      0.00      53.8      76.8      45.8     73.99
      2003       JAN         1        31      -0.4       6.3       8.5      0.00      11.5      40.0      26.5     87.81
      2003       FEB         1        28      -6.6       3.2      12.3      0.00       3.2      31.5      20.2    128.11
      2003       MAR         1        31      -5.7       9.9      17.0      0.00      26.2      80.4      42.4    177.92
      2003       APR         1        30      -3.5       9.1      20.8      0.00      76.5     125.1      68.0    219.05
      2003       MAY         1        31       0.1      17.2      25.3      0.00     117.1     224.5     116.1    267.96
      2003       JUN         1        30       1.2      24.8      29.7      0.00     144.9     323.9     162.4    315.14
      2003       JUL         1        31       6.1      28.3      27.7      0.00     205.8     402.2     223.8    293.40
      2003       AUG         1        31       6.9      25.3      24.1      0.00     225.8     364.1     224.2    253.86
      2003       SEP         1        30       2.1      20.2      20.8      0.00     181.8     290.3     170.0    218.13
      2003       OCT         1        31      -0.7      16.1      15.6      0.00     145.5     239.1     131.7    162.26
      2003       NOV         1        30      -3.5       4.1       9.1      0.00     107.5     102.5      74.1     94.11
      2003       DEC         1        31      -3.8       3.0       6.3      0.00      52.7      71.0      44.4     65.22
      2004       JAN         1        31      -5.6       0.8       8.1      0.00       5.3      26.2      20.3     84.20
      2004       FEB         1        29      -4.8       3.6      11.0      0.00       2.3      29.9      20.1    114.72
      2004       MAR         1        31      -3.6      12.0      18.4      0.00      11.9      71.5      37.5    192.53
      2004       APR         1        30      -3.9      13.2      23.2      0.00      66.9     138.7      71.8    244.52
      2004       MAY         1        31      -0.7      16.9      27.6      0.00     135.1     243.4     127.6    291.40
      2004       JUN         1        30       2.1      23.0      29.0      0.00     175.0     323.6     176.6    307.55
      2004       JUL         1        31       4.8      27.7      28.9      0.00     211.3     405.2     225.8    305.39
      2004       AUG         1        31       5.3      24.2      24.0      0.00     226.5     359.4     220.4    252.83
      2004       SEP         1        30       1.2      17.2      20.8      0.00     189.9     261.7     164.4    217.42
      2004       OCT         1        31       0.8      10.3      12.2      0.00     157.9     167.3     120.0    127.60
      2004       NOV         1        30      -2.4       3.8       9.2      0.00      88.1      84.8      62.8     95.01
      2004       DEC         1        31      -3.8       1.9       6.1      0.00      40.0      54.7      36.5     63.59
      2005       JAN         1        31      -3.4      -1.7       5.0      0.00      38.0      33.3      33.3     28.56
      2005       FEB         1        28      -1.1       2.8       8.4      0.00     -16.6       9.6       9.4     87.20
      2005       MAR         1        31      -4.1       8.0      17.1      0.00     -23.5      35.9      15.8    178.93
      2005       APR         1        30      -4.1      10.3      21.3      0.00      55.7     110.2      58.5    224.70
      2005       MAY         1        31       2.6      15.8      23.4      0.00     132.3     207.5     120.5    248.17
      2005       JUN         1        30       0.1      18.9      27.7      0.00     151.3     267.3     144.3    293.81
      2005       JUL         1        31       7.8      28.3      28.4      0.00     188.9     379.2     209.6    300.53
      2005       AUG         1        31       8.5      26.3      25.5      0.00     219.1     362.9     222.9    268.55
      2005       SEP         1        30       2.3      16.2      21.2      0.00     202.1     249.5     168.9    222.38
      2005       OCT         1        31      -0.3      11.4      14.6      0.00     170.0     193.4     131.7    151.94
      2005       NOV         1        30      -4.2       6.0       9.9      0.00     105.3     123.2      77.5    102.96
      2005       DEC         1        31      -3.1       1.6       6.2      0.00      59.9      59.1      45.2     64.20
      2006       JAN         1        31      -3.6       2.2       7.7      0.00      11.2      31.2      23.2     79.91
      2006       FEB         1        28      -6.2       2.7      13.3      0.00      -7.0      24.6      15.8    138.06
      2006       MAR         1        31      -5.0       4.2      16.1      0.00      40.6      68.2      40.4    168.81
      2006       APR         1        30      -0.2      10.7      21.0      0.00      81.4     134.3      73.7    221.43
      2006       MAY         1        31      -0.3      17.0      26.9      0.00     117.1     223.6     115.6    284.89
      2006       JUN         1        30       2.3      23.8      28.3      0.00     166.1     328.0     173.4    299.97
      2006       JUL         1        31       5.4      28.2      26.6      0.00     208.2     406.9     225.6    281.84
      2006       AUG         1        31       0.7      24.5      26.3      0.00     198.3     374.0     202.5    277.09
      2006       SEP         1        30      -1.0      18.8      21.1      0.00     189.5     293.6     170.9    220.81
      2006       OCT         1        31      -1.8      12.4      15.2      0.00     172.4     215.0     136.9    158.30
      2006       NOV         1        30      -4.0       6.1       8.8      0.00     117.4     128.7      84.5     91.16
      2006       DEC         1        31      -8.0       0.0       7.3      0.00      54.1      66.1      41.6     75.83
      2007       JAN         1        31     -10.3      -1.7       9.6      0.00       5.3      25.2      18.5     99.31
      2007       FEB         1        28      -6.1       4.3      11.9      0.00      10.2      40.1      24.2    123.51
      2007       MAR         1        31      -6.2       8.6      18.4      0.00      28.7      78.0      41.6    191.84
      2007       APR         1        30      -2.7      11.7      19.9      0.00      82.8     146.4      77.7    209.64
      2007       MAY         1        31      -2.6      17.7      25.8      0.00     118.3     234.1     119.4    272.49
      2007       JUN         1        30      -1.1      22.6      28.6      0.00     146.6     309.8     155.5    303.68
      2007       JUL         1        31       2.1      26.2      28.5      0.00     199.5     391.6     210.8    301.84
      2007       AUG         1        31       1.6      23.3      25.3      0.00     215.8     362.7     209.7    266.45
      2007       SEP         1        30       0.0      16.3      19.8      0.00     192.7     258.8     163.3    207.63
      2007       OCT         1        31      -1.5      10.0      13.5      0.00     151.3     174.8     115.6    140.89
      2007       NOV         1        30      -3.2       5.2       9.0      0.00      88.3     102.6      66.1     93.70
      2007       DEC         1        31      -6.1      -0.2       6.7      0.00      37.1      51.4      34.3     69.31
      2008       JAN         1        31      -5.6      -1.2       7.5      0.00      10.8      22.8      19.8     77.99
      2008       FEB         1        29      -4.1       3.2      12.0      0.00       2.1      27.0      19.3    124.33
      2008       MAR         1        31      -7.3       6.2      18.1      0.00      27.7      68.3      37.6    189.06
      2008       APR         1        30      -7.8       9.0      22.6      0.00      82.5     136.1      72.2    238.30
      2008       MAY         1        31       0.0      14.1      20.8      0.00     150.7     213.3     128.0    219.94
      2008       JUN         1        30      -1.6      19.9      29.2      0.00     137.6     274.2     139.0    310.03
      2008       JUL         1        31       0.4      24.4      25.8      0.00     179.1     362.6     188.1    273.56
      2008       AUG         1        31       1.7      23.8      25.8      0.00     201.2     360.3     201.1    271.66
      2008       SEP         1        30      -1.0      18.1      21.1      0.00     170.6     274.0     155.0    221.56
      2008       OCT         1        31      -3.1      11.1      14.2      0.00     138.7     189.6     111.5    147.47
      2008       NOV         1        30      -0.6       6.1       8.8      0.00      78.8      90.9      61.8     91.43
      2008       DEC         1        31      -7.2      -0.9       8.0      0.00      27.9      42.2      29.0     82.09
      2009       JAN         1        31      -4.9       0.8       8.7      0.00      13.4      30.8      23.4     89.57
      2009       FEB         1        28      -5.6       4.5      11.6      0.00      13.7      43.1      25.8    120.95
      2009       MAR         1        31      -8.1       7.1      16.2      0.00      36.7      81.6      43.8    169.46
      2009       APR         1        30      -5.7      10.0      21.5      0.00      74.4     130.9      69.3    226.70
      2009       MAY         1        31      -0.5      18.2      24.3      0.00     123.5     242.0     124.1    257.01
      2009       JUN         1        30       4.4      18.8      25.2      0.00     165.8     247.9     152.2    267.30
      2009       JUL         1        31       3.6      28.3      27.9      0.00     170.1     395.6     198.1    295.42
      2009       AUG         1        31       4.3      24.7      24.1      0.00     194.7     353.5     199.2    254.62
      2009       SEP         1        30       1.2      18.9      21.1      0.00     177.8     276.3     162.4    220.77
      2009       OCT         1        31      -1.6      17.4      14.0      0.00     136.5     254.2     130.7    145.59
      2009       NOV         1        30      -5.8       3.8      10.2      0.00      80.9     100.6      60.1    106.02
      2009       DEC         1        31      -9.5      -5.6       7.6      0.00      36.1      31.0      30.0     62.10

**** GLBGN =   120.9156           ***** GLEND =    79.3235



Lahontan                 MONTHLY TOTALS AVERAGED OVER 10 YEARS

                                    NET      EVAPORATION    
                         MONTH      RAD.   POTENT.      LAKE

                           JAN      13.4      31.1      23.7
                           FEB       1.6      30.3      19.7
                           MAR      22.2      69.9      37.5
                           APR      72.4     132.7      70.4
                           MAY     125.9     230.3     121.8
                           JUN     158.5     306.4     162.1
                           JUL     198.8     392.8     214.3
                           AUG     213.4     360.2     213.6
                           SEP     185.0     279.3     167.0
                           OCT     151.8     208.3     125.5
                           NOV      95.4     108.0      70.1
                           DEC      44.8      56.5      38.4
                                ________  ________  ________

     TOTAL OF MONTHLY AVERAGES    1283.1    2205.8    1264.1
